#
# There is insufficient memory for the Java Runtime Environment to continue.
# Native memory allocation (mmap) failed to map 65536 bytes. Error detail: Failed to commit metaspace.
# Possible reasons:
#   The system is out of physical RAM or swap space
#   This process is running with CompressedOops enabled, and the Java Heap may be blocking the growth of the native heap
# Possible solutions:
#   Reduce memory load on the system
#   Increase physical memory or swap space
#   Check if swap backing store is full
#   Decrease Java heap size (-Xmx/-Xms)
#   Decrease number of Java threads
#   Decrease Java thread stack sizes (-Xss)
#   Set larger code cache with -XX:ReservedCodeCacheSize=
#   JVM is running with Zero Based Compressed Oops mode in which the Java heap is
#     placed in the first 32GB address space. The Java Heap base address is the
#     maximum limit for the native heap growth. Please use -XX:HeapBaseMinAddress
#     to set the Java Heap base and to place the Java Heap above 32GB virtual address.
# This output file may be truncated or incomplete.
#
#  Out of Memory Error (virtualSpaceNode.cpp:113), pid=34992, tid=27688
#
# JRE version: OpenJDK Runtime Environment (21.0.7) (build 21.0.7+-13880790-b1038.58)
# Java VM: OpenJDK 64-Bit Server VM (21.0.7+-13880790-b1038.58, mixed mode, tiered, compressed oops, compressed class ptrs, g1 gc, windows-amd64)
# No core dump will be written. Minidumps are not enabled by default on client versions of Windows
#

---------------  S U M M A R Y ------------

Command Line: -Dorg.gradle.appname=gradlew org.gradle.wrapper.GradleWrapperMain -q -Ptarget-platform=android-arm64 -Ptarget=C:\Projects\HydraCoach\lib\main.dart -Pbase-application-name=android.app.Application -Pdart-defines=RkxVVFRFUl9WRVJTSU9OPTMuMzUuMw==,RkxVVFRFUl9DSEFOTkVMPXN0YWJsZQ==,RkxVVFRFUl9HSVRfVVJMPWh0dHBzOi8vZ2l0aHViLmNvbS9mbHV0dGVyL2ZsdXR0ZXIuZ2l0,RkxVVFRFUl9GUkFNRVdPUktfUkVWSVNJT049YTQwMmQ5YTQzNw==,RkxVVFRFUl9FTkdJTkVfUkVWSVNJT049ZGRmNDdkZDNmZg==,RkxVVFRFUl9EQVJUX1ZFUlNJT049My45LjI= -Pdart-obfuscation=false -Ptrack-widget-creation=true -Ptree-shake-icons=false -Pfilesystem-scheme=org-dartlang-root assembleDebug

Host: 13th Gen Intel(R) Core(TM) i7-13650HX, 20 cores, 31G,  Windows 11 , 64 bit Build 26100 (10.0.26100.5074)
Time: Fri Sep 19 13:55:37 2025  Windows 11 , 64 bit Build 26100 (10.0.26100.5074) elapsed time: 0.405576 seconds (0d 0h 0m 0s)

---------------  T H R E A D  ---------------

Current thread (0x000001904d307110):  JavaThread "main"             [_thread_in_vm, id=27688, stack(0x0000001a16800000,0x0000001a16900000) (1024K)]

Stack: [0x0000001a16800000,0x0000001a16900000]
Native frames: (J=compiled Java code, j=interpreted, Vv=VM code, C=native code)
V  [jvm.dll+0x6d25c9]
V  [jvm.dll+0x860923]
V  [jvm.dll+0x862e7e]
V  [jvm.dll+0x863563]
V  [jvm.dll+0x27f156]
V  [jvm.dll+0x85b7fe]
V  [jvm.dll+0x675fa5]
V  [jvm.dll+0x1e31e1]
V  [jvm.dll+0x1e2fae]
V  [jvm.dll+0x6788f8]
V  [jvm.dll+0x678732]
V  [jvm.dll+0x67699e]
V  [jvm.dll+0x3bf7df]
V  [jvm.dll+0x20ce8b]
V  [jvm.dll+0x5b3ec1]
V  [jvm.dll+0x21c99c]
V  [jvm.dll+0x7d7efc]
V  [jvm.dll+0x7d8f92]
V  [jvm.dll+0x7d9554]
V  [jvm.dll+0x7d91e8]
V  [jvm.dll+0x26d6db]
V  [jvm.dll+0x3d5f2e]
C  0x0000019059e9a97f

The last pc belongs to new (printed below).
Java frames: (J=compiled Java code, j=interpreted, Vv=VM code)
j  java.lang.Class.getEnumConstantsShared()[Ljava/lang/Object;+30 java.base@21.0.7
j  java.lang.System$2.getEnumConstantsShared(Ljava/lang/Class;)[Ljava/lang/Enum;+1 java.base@21.0.7
j  java.util.EnumMap.getKeyUniverse(Ljava/lang/Class;)[Ljava/lang/Enum;+4 java.base@21.0.7
j  java.util.EnumMap.<init>(Ljava/lang/Class;)V+16 java.base@21.0.7
j  java.util.stream.StreamOpFlag.set(Ljava/util/stream/StreamOpFlag$Type;)Ljava/util/stream/StreamOpFlag$MaskBuilder;+10 java.base@21.0.7
j  java.util.stream.StreamOpFlag.<clinit>()V+11 java.base@21.0.7
v  ~StubRoutines::call_stub 0x0000019059e8100d
j  java.util.stream.StreamSupport.stream(Ljava/util/Spliterator;Z)Ljava/util/stream/Stream;+11 java.base@21.0.7
j  java.util.Collection.stream()Ljava/util/stream/Stream;+7 java.base@21.0.7
j  java.lang.ModuleLayer.layers(Ljava/lang/ClassLoader;)Ljava/util/stream/Stream;+16 java.base@21.0.7
j  java.lang.System$2.layers(Ljava/lang/ClassLoader;)Ljava/util/stream/Stream;+1 java.base@21.0.7
j  java.util.ServiceLoader$ModuleServicesLookupIterator.iteratorFor(Ljava/lang/ClassLoader;)Ljava/util/Iterator;+75 java.base@21.0.7
j  java.util.ServiceLoader$ModuleServicesLookupIterator.<init>(Ljava/util/ServiceLoader;)V+23 java.base@21.0.7
j  java.util.ServiceLoader.newLookupIterator()Ljava/util/Iterator;+49 java.base@21.0.7
j  java.util.ServiceLoader.iterator()Ljava/util/Iterator;+9 java.base@21.0.7
j  jdk.internal.logger.BootstrapLogger$DetectBackend$1.run()Ljdk/internal/logger/BootstrapLogger$LoggingBackend;+8 java.base@21.0.7
j  jdk.internal.logger.BootstrapLogger$DetectBackend$1.run()Ljava/lang/Object;+1 java.base@21.0.7
j  java.security.AccessController.executePrivileged(Ljava/security/PrivilegedAction;Ljava/security/AccessControlContext;Ljava/lang/Class;)Ljava/lang/Object;+29 java.base@21.0.7
j  java.security.AccessController.doPrivileged(Ljava/security/PrivilegedAction;)Ljava/lang/Object;+5 java.base@21.0.7
j  jdk.internal.logger.BootstrapLogger$DetectBackend.<clinit>()V+7 java.base@21.0.7
v  ~StubRoutines::call_stub 0x0000019059e8100d
j  jdk.internal.logger.BootstrapLogger.useLazyLoggers()Z+6 java.base@21.0.7
j  jdk.internal.logger.LazyLoggers.getLazyLogger(Ljava/lang/String;Ljava/lang/Module;)Ljava/lang/System$Logger;+0 java.base@21.0.7
j  jdk.internal.logger.LazyLoggers.getLogger(Ljava/lang/String;Ljava/lang/Module;)Ljava/lang/System$Logger;+9 java.base@21.0.7
j  java.lang.System.getLogger(Ljava/lang/String;)Ljava/lang/System$Logger;+29 java.base@21.0.7
j  java.lang.Shutdown.logRuntimeExit(I)V+2 java.base@21.0.7
j  java.lang.Shutdown.exit(I)V+1 java.base@21.0.7
j  java.lang.Runtime.exit(I)V+14 java.base@21.0.7
j  java.lang.System.exit(I)V+4 java.base@21.0.7
j  org.gradle.launcher.bootstrap.ProcessBootstrap.run(Ljava/lang/String;Ljava/lang/String;Ljava/lang/String;[Ljava/lang/String;)V+22
j  org.gradle.launcher.GradleMain.main([Ljava/lang/String;)V+68
j  java.lang.invoke.DirectMethodHandle$Holder.invokeStatic(Ljava/lang/Object;Ljava/lang/Object;)V+10 java.base@21.0.7
j  java.lang.invoke.LambdaForm$MH+0x00000008000c3c00.invoke(Ljava/lang/Object;Ljava/lang/Object;Ljava/lang/Object;)Ljava/lang/Object;+33 java.base@21.0.7
j  java.lang.invoke.Invokers$Holder.invokeExact_MT(Ljava/lang/Object;Ljava/lang/Object;Ljava/lang/Object;Ljava/lang/Object;)Ljava/lang/Object;+20 java.base@21.0.7
j  jdk.internal.reflect.DirectMethodHandleAccessor.invokeImpl(Ljava/lang/Object;[Ljava/lang/Object;)Ljava/lang/Object;+55 java.base@21.0.7
j  jdk.internal.reflect.DirectMethodHandleAccessor.invoke(Ljava/lang/Object;[Ljava/lang/Object;)Ljava/lang/Object;+23 java.base@21.0.7
j  java.lang.reflect.Method.invoke(Ljava/lang/Object;[Ljava/lang/Object;)Ljava/lang/Object;+102 java.base@21.0.7
j  org.gradle.wrapper.BootstrapMainStarter.start([Ljava/lang/String;Ljava/io/File;)V+82
j  org.gradle.wrapper.WrapperExecutor.execute([Ljava/lang/String;Lorg/gradle/wrapper/Install;Lorg/gradle/wrapper/BootstrapMainStarter;)V+14
j  org.gradle.wrapper.GradleWrapperMain.main([Ljava/lang/String;)V+190
v  ~StubRoutines::call_stub 0x0000019059e8100d
new  187 new  [0x0000019059e9a800, 0x0000019059e9aa08]  520 bytes
[MachCode]
  0x0000019059e9a800: 4883 ec08 | c5fa 1104 | 24eb 1f48 | 83ec 10c5 | fb11 0424 | eb14 4883 | ec10 4889 | 0424 48c7 
  0x0000019059e9a820: 4424 0800 | 0000 00eb | 0150 410f | b755 010f | cac1 ea10 | 488b 4de8 | 488b 4908 | 488b 4908 
  0x0000019059e9a840: 488b 4108 | 807c 1004 | 070f 85d3 | 0000 0066 | 8b54 d148 | 488b 4928 | 488b 4cd1 | 0851 80b9 
  0x0000019059e9a860: 5101 0000 | 040f 85b6 | 0000 008b | 5108 f6c2 | 010f 85aa | 0000 0049 | 8b87 b801 | 0000 488d 
  0x0000019059e9a880: 1c10 493b | 9fc8 0100 | 000f 8792 | 0000 0049 | 899f b801 | 0000 4883 | ea10 0f84 | 0f00 0000 
  0x0000019059e9a8a0: 33c9 c1ea | 0348 894c | d008 48ff | ca75 f648 | c700 0100 | 0000 5933 | f689 700c | 49ba 0000 
  0x0000019059e9a8c0: 0000 0800 | 0000 492b | ca89 4808 | 49ba c988 | 540f fd7f | 0000 4180 | 3a00 0f84 | 3c00 0000 
  0x0000019059e9a8e0: 5048 8bc8 | 4883 ec20 | 40f6 c40f | 0f84 1900 | 0000 4883 | ec08 48b8 | b095 0e0f | fd7f 0000 
  0x0000019059e9a900: ffd0 4883 | c408 e90c | 0000 0048 | b8b0 950e | 0ffd 7f00 | 00ff d048 | 83c4 2058 | e9cb 0000 
  0x0000019059e9a920: 0059 488b | 55e8 488b | 5208 488b | 5208 450f | b745 0141 | 0fc8 41c1 | e810 e805 | 0000 00e9 
  0x0000019059e9a940: a800 0000 | 488d 4424 | 084c 896d | c049 8bcf | c5f8 7749 | 89af a803 | 0000 4989 | 8798 0300 
  0x0000019059e9a960: 0048 83ec | 2040 f6c4 | 0f0f 8419 | 0000 0048 | 83ec 0848 | b8e0 5ed8 | 0efd 7f00 | 00ff d048 
  0x0000019059e9a980: 83c4 08e9 | 0c00 0000 | 48b8 e05e | d80e fd7f | 0000 ffd0 | 4883 c420 | 49c7 8798 | 0300 0000 
  0x0000019059e9a9a0: 0000 0049 | c787 a803 | 0000 0000 | 0000 49c7 | 87a0 0300 | 0000 0000 | 00c5 f877 | 4983 7f08 
  0x0000019059e9a9c0: 000f 8405 | 0000 00e9 | 3465 feff | 498b 87f0 | 0300 0049 | c787 f003 | 0000 0000 | 0000 4c8b 
  0x0000019059e9a9e0: 6dc0 4c8b | 75c8 4e8d | 74f5 00c3 | 410f b65d | 0349 83c5 | 0349 ba30 | 5257 0ffd | 7f00 0041 
  0x0000019059e9aa00: ff24 da0f | 1f44 0000 
[/MachCode]

---------------  P R O C E S S  ---------------

Threads class SMR info:
_java_thread_list=0x00000190741d2340, length=16, elements={
0x000001904d307110, 0x000001906f8d5e40, 0x000001906f916af0, 0x000001906f917550,
0x000001906f8d8d80, 0x000001906f8d97e0, 0x000001906f8fe9f0, 0x000001906f8ff450,
0x000001906f9011f0, 0x000001906f903ca0, 0x000001906f97eaf0, 0x000001906f981aa0,
0x000001906fae6210, 0x000001906f9813d0, 0x000001906f97e420, 0x000001906f980630
}

Java Threads: ( => current thread )
=>0x000001904d307110 JavaThread "main"                              [_thread_in_vm, id=27688, stack(0x0000001a16800000,0x0000001a16900000) (1024K)]
  0x000001906f8d5e40 JavaThread "Common-Cleaner"             daemon [_thread_blocked, id=29428, stack(0x0000001a17000000,0x0000001a17100000) (1024K)]
  0x000001906f916af0 JavaThread "Reference Handler"          daemon [_thread_blocked, id=29592, stack(0x0000001a17100000,0x0000001a17200000) (1024K)]
  0x000001906f917550 JavaThread "Finalizer"                  daemon [_thread_blocked, id=21828, stack(0x0000001a17200000,0x0000001a17300000) (1024K)]
  0x000001906f8d8d80 JavaThread "Signal Dispatcher"          daemon [_thread_blocked, id=1120, stack(0x0000001a17300000,0x0000001a17400000) (1024K)]
  0x000001906f8d97e0 JavaThread "Attach Listener"            daemon [_thread_blocked, id=27412, stack(0x0000001a17400000,0x0000001a17500000) (1024K)]
  0x000001906f8fe9f0 JavaThread "Service Thread"             daemon [_thread_blocked, id=29948, stack(0x0000001a17500000,0x0000001a17600000) (1024K)]
  0x000001906f8ff450 JavaThread "Monitor Deflation Thread"   daemon [_thread_blocked, id=31508, stack(0x0000001a17600000,0x0000001a17700000) (1024K)]
  0x000001906f9011f0 JavaThread "C2 CompilerThread0"         daemon [_thread_blocked, id=18136, stack(0x0000001a17700000,0x0000001a17800000) (1024K)]
  0x000001906f903ca0 JavaThread "C1 CompilerThread0"         daemon [_thread_blocked, id=29868, stack(0x0000001a17800000,0x0000001a17900000) (1024K)]
  0x000001906f97eaf0 JavaThread "C1 CompilerThread1"         daemon [_thread_blocked, id=22072, stack(0x0000001a17900000,0x0000001a17a00000) (1024K)]
  0x000001906f981aa0 JavaThread "C1 CompilerThread2"         daemon [_thread_blocked, id=14168, stack(0x0000001a17a00000,0x0000001a17b00000) (1024K)]
  0x000001906fae6210 JavaThread "Notification Thread"        daemon [_thread_blocked, id=24280, stack(0x0000001a17b00000,0x0000001a17c00000) (1024K)]
  0x000001906f9813d0 JavaThread "C2 CompilerThread1"         daemon [_thread_blocked, id=2576, stack(0x0000001a17c00000,0x0000001a17d00000) (1024K)]
  0x000001906f97e420 JavaThread "C2 CompilerThread2"         daemon [_thread_blocked, id=34644, stack(0x0000001a17d00000,0x0000001a17e00000) (1024K)]
  0x000001906f980630 JavaThread "C2 CompilerThread3"         daemon [_thread_blocked, id=25072, stack(0x0000001a17e00000,0x0000001a17f00000) (1024K)]
Total: 16

Other Threads:
  0x000001906f8852e0 VMThread "VM Thread"                           [id=16856, stack(0x0000001a16f00000,0x0000001a17000000) (1024K)]
  0x000001906e78d440 WatcherThread "VM Periodic Task Thread"        [id=19408, stack(0x0000001a16e00000,0x0000001a16f00000) (1024K)]
  0x000001904f987940 WorkerThread "GC Thread#0"                     [id=2848, stack(0x0000001a16900000,0x0000001a16a00000) (1024K)]
  0x0000019074938be0 WorkerThread "GC Thread#1"                     [id=5152, stack(0x0000001a17f00000,0x0000001a18000000) (1024K)]
  0x00000190744de870 WorkerThread "GC Thread#2"                     [id=15856, stack(0x0000001a18000000,0x0000001a18100000) (1024K)]
  0x00000190745a8040 WorkerThread "GC Thread#3"                     [id=32476, stack(0x0000001a18100000,0x0000001a18200000) (1024K)]
  0x00000190747fe610 WorkerThread "GC Thread#4"                     [id=35592, stack(0x0000001a18200000,0x0000001a18300000) (1024K)]
  0x000001907487f050 WorkerThread "GC Thread#5"                     [id=36136, stack(0x0000001a18300000,0x0000001a18400000) (1024K)]
  0x0000019074783640 WorkerThread "GC Thread#6"                     [id=8464, stack(0x0000001a18400000,0x0000001a18500000) (1024K)]
  0x00000190747839e0 WorkerThread "GC Thread#7"                     [id=26116, stack(0x0000001a18500000,0x0000001a18600000) (1024K)]
  0x00000190747844c0 WorkerThread "GC Thread#8"                     [id=13224, stack(0x0000001a18600000,0x0000001a18700000) (1024K)]
  0x0000019074783d80 WorkerThread "GC Thread#9"                     [id=34168, stack(0x0000001a18700000,0x0000001a18800000) (1024K)]
  0x0000019074784fa0 WorkerThread "GC Thread#10"                    [id=13800, stack(0x0000001a18800000,0x0000001a18900000) (1024K)]
  0x0000019074784120 WorkerThread "GC Thread#11"                    [id=33148, stack(0x0000001a18900000,0x0000001a18a00000) (1024K)]
  0x000001904f9998e0 ConcurrentGCThread "G1 Main Marker"            [id=16348, stack(0x0000001a16a00000,0x0000001a16b00000) (1024K)]
  0x000001904f99bd10 WorkerThread "G1 Conc#0"                       [id=36504, stack(0x0000001a16b00000,0x0000001a16c00000) (1024K)]
  0x000001906e658320 ConcurrentGCThread "G1 Refine#0"               [id=26048, stack(0x0000001a16c00000,0x0000001a16d00000) (1024K)]
  0x000001906e658c40 ConcurrentGCThread "G1 Service"                [id=17216, stack(0x0000001a16d00000,0x0000001a16e00000) (1024K)]
Total: 18

Threads with active compile tasks:
Total: 0

VM state: not at safepoint (normal execution)

VM Mutex/Monitor currently owned by a thread:  ([mutex/lock_event])
[0x00007ffd0f55f2e8] Metaspace_lock - owner thread: 0x000001904d307110

OutOfMemory and StackOverflow Exception counts:
OutOfMemoryError java_heap_errors=1
LinkageErrors=2

Heap address: 0x0000000604400000, size: 8124 MB, Compressed Oops mode: Zero based, Oop shift amount: 3

CDS archive(s) not mapped
Compressed class space mapped at: 0x0000000800000000-0x0000000840000000, reserved size: 1073741824
Narrow klass base: 0x0000000800000000, Narrow klass shift: 0, Narrow klass range: 0x40000000

GC Precious Log:
 CardTable entry size: 512
 Card Set container configuration: InlinePtr #cards 4 size 8 Array Of Cards #cards 32 size 80 Howl #buckets 8 coarsen threshold 7372 Howl Bitmap #cards 1024 size 144 coarsen threshold 921 Card regions per heap region 1 cards per card region 8192
 CPUs: 20 total, 20 available
 Memory: 32491M
 Large Page Support: Disabled
 NUMA Support: Disabled
 Compressed Oops: Enabled (Zero based)
 Heap Region Size: 4M
 Heap Min Capacity: 8M
 Heap Initial Capacity: 508M
 Heap Max Capacity: 8124M
 Pre-touch: Disabled
 Parallel Workers: 15
 Concurrent Workers: 4
 Concurrent Refinement Workers: 15
 Periodic GC: Disabled

Heap:
 garbage-first heap   total 520192K, used 3447K [0x0000000604400000, 0x0000000800000000)
  region size 4096K, 2 young (8192K), 1 survivors (4096K)
 Metaspace       used 9137K, committed 9280K, reserved 1114112K
  class space    used 827K, committed 896K, reserved 1048576K

Heap Regions: E=young(eden), S=young(survivor), O=old, HS=humongous(starts), HC=humongous(continues), CS=collection set, F=free, TAMS=top-at-mark-start, PB=parsable bottom
|   0|0x0000000604400000, 0x0000000604400000, 0x0000000604800000|  0%| F|  |TAMS 0x0000000604400000| PB 0x0000000604400000| Untracked 
|   1|0x0000000604800000, 0x0000000604800000, 0x0000000604c00000|  0%| F|  |TAMS 0x0000000604800000| PB 0x0000000604800000| Untracked 
|   2|0x0000000604c00000, 0x0000000604c00000, 0x0000000605000000|  0%| F|  |TAMS 0x0000000604c00000| PB 0x0000000604c00000| Untracked 
|   3|0x0000000605000000, 0x0000000605000000, 0x0000000605400000|  0%| F|  |TAMS 0x0000000605000000| PB 0x0000000605000000| Untracked 
|   4|0x0000000605400000, 0x0000000605400000, 0x0000000605800000|  0%| F|  |TAMS 0x0000000605400000| PB 0x0000000605400000| Untracked 
|   5|0x0000000605800000, 0x0000000605800000, 0x0000000605c00000|  0%| F|  |TAMS 0x0000000605800000| PB 0x0000000605800000| Untracked 
|   6|0x0000000605c00000, 0x0000000605c00000, 0x0000000606000000|  0%| F|  |TAMS 0x0000000605c00000| PB 0x0000000605c00000| Untracked 
|   7|0x0000000606000000, 0x0000000606000000, 0x0000000606400000|  0%| F|  |TAMS 0x0000000606000000| PB 0x0000000606000000| Untracked 
|   8|0x0000000606400000, 0x0000000606400000, 0x0000000606800000|  0%| F|  |TAMS 0x0000000606400000| PB 0x0000000606400000| Untracked 
|   9|0x0000000606800000, 0x0000000606800000, 0x0000000606c00000|  0%| F|  |TAMS 0x0000000606800000| PB 0x0000000606800000| Untracked 
|  10|0x0000000606c00000, 0x0000000606c00000, 0x0000000607000000|  0%| F|  |TAMS 0x0000000606c00000| PB 0x0000000606c00000| Untracked 
|  11|0x0000000607000000, 0x0000000607000000, 0x0000000607400000|  0%| F|  |TAMS 0x0000000607000000| PB 0x0000000607000000| Untracked 
|  12|0x0000000607400000, 0x0000000607400000, 0x0000000607800000|  0%| F|  |TAMS 0x0000000607400000| PB 0x0000000607400000| Untracked 
|  13|0x0000000607800000, 0x0000000607800000, 0x0000000607c00000|  0%| F|  |TAMS 0x0000000607800000| PB 0x0000000607800000| Untracked 
|  14|0x0000000607c00000, 0x0000000607c00000, 0x0000000608000000|  0%| F|  |TAMS 0x0000000607c00000| PB 0x0000000607c00000| Untracked 
|  15|0x0000000608000000, 0x0000000608000000, 0x0000000608400000|  0%| F|  |TAMS 0x0000000608000000| PB 0x0000000608000000| Untracked 
|  16|0x0000000608400000, 0x0000000608400000, 0x0000000608800000|  0%| F|  |TAMS 0x0000000608400000| PB 0x0000000608400000| Untracked 
|  17|0x0000000608800000, 0x0000000608800000, 0x0000000608c00000|  0%| F|  |TAMS 0x0000000608800000| PB 0x0000000608800000| Untracked 
|  18|0x0000000608c00000, 0x0000000608c00000, 0x0000000609000000|  0%| F|  |TAMS 0x0000000608c00000| PB 0x0000000608c00000| Untracked 
|  19|0x0000000609000000, 0x0000000609000000, 0x0000000609400000|  0%| F|  |TAMS 0x0000000609000000| PB 0x0000000609000000| Untracked 
|  20|0x0000000609400000, 0x0000000609400000, 0x0000000609800000|  0%| F|  |TAMS 0x0000000609400000| PB 0x0000000609400000| Untracked 
|  21|0x0000000609800000, 0x0000000609800000, 0x0000000609c00000|  0%| F|  |TAMS 0x0000000609800000| PB 0x0000000609800000| Untracked 
|  22|0x0000000609c00000, 0x0000000609c00000, 0x000000060a000000|  0%| F|  |TAMS 0x0000000609c00000| PB 0x0000000609c00000| Untracked 
|  23|0x000000060a000000, 0x000000060a000000, 0x000000060a400000|  0%| F|  |TAMS 0x000000060a000000| PB 0x000000060a000000| Untracked 
|  24|0x000000060a400000, 0x000000060a400000, 0x000000060a800000|  0%| F|  |TAMS 0x000000060a400000| PB 0x000000060a400000| Untracked 
|  25|0x000000060a800000, 0x000000060a800000, 0x000000060ac00000|  0%| F|  |TAMS 0x000000060a800000| PB 0x000000060a800000| Untracked 
|  26|0x000000060ac00000, 0x000000060ac00000, 0x000000060b000000|  0%| F|  |TAMS 0x000000060ac00000| PB 0x000000060ac00000| Untracked 
|  27|0x000000060b000000, 0x000000060b000000, 0x000000060b400000|  0%| F|  |TAMS 0x000000060b000000| PB 0x000000060b000000| Untracked 
|  28|0x000000060b400000, 0x000000060b400000, 0x000000060b800000|  0%| F|  |TAMS 0x000000060b400000| PB 0x000000060b400000| Untracked 
|  29|0x000000060b800000, 0x000000060b800000, 0x000000060bc00000|  0%| F|  |TAMS 0x000000060b800000| PB 0x000000060b800000| Untracked 
|  30|0x000000060bc00000, 0x000000060bc00000, 0x000000060c000000|  0%| F|  |TAMS 0x000000060bc00000| PB 0x000000060bc00000| Untracked 
|  31|0x000000060c000000, 0x000000060c000000, 0x000000060c400000|  0%| F|  |TAMS 0x000000060c000000| PB 0x000000060c000000| Untracked 
|  32|0x000000060c400000, 0x000000060c400000, 0x000000060c800000|  0%| F|  |TAMS 0x000000060c400000| PB 0x000000060c400000| Untracked 
|  33|0x000000060c800000, 0x000000060c800000, 0x000000060cc00000|  0%| F|  |TAMS 0x000000060c800000| PB 0x000000060c800000| Untracked 
|  34|0x000000060cc00000, 0x000000060cc00000, 0x000000060d000000|  0%| F|  |TAMS 0x000000060cc00000| PB 0x000000060cc00000| Untracked 
|  35|0x000000060d000000, 0x000000060d000000, 0x000000060d400000|  0%| F|  |TAMS 0x000000060d000000| PB 0x000000060d000000| Untracked 
|  36|0x000000060d400000, 0x000000060d400000, 0x000000060d800000|  0%| F|  |TAMS 0x000000060d400000| PB 0x000000060d400000| Untracked 
|  37|0x000000060d800000, 0x000000060d800000, 0x000000060dc00000|  0%| F|  |TAMS 0x000000060d800000| PB 0x000000060d800000| Untracked 
|  38|0x000000060dc00000, 0x000000060dc00000, 0x000000060e000000|  0%| F|  |TAMS 0x000000060dc00000| PB 0x000000060dc00000| Untracked 
|  39|0x000000060e000000, 0x000000060e000000, 0x000000060e400000|  0%| F|  |TAMS 0x000000060e000000| PB 0x000000060e000000| Untracked 
|  40|0x000000060e400000, 0x000000060e400000, 0x000000060e800000|  0%| F|  |TAMS 0x000000060e400000| PB 0x000000060e400000| Untracked 
|  41|0x000000060e800000, 0x000000060e800000, 0x000000060ec00000|  0%| F|  |TAMS 0x000000060e800000| PB 0x000000060e800000| Untracked 
|  42|0x000000060ec00000, 0x000000060ec00000, 0x000000060f000000|  0%| F|  |TAMS 0x000000060ec00000| PB 0x000000060ec00000| Untracked 
|  43|0x000000060f000000, 0x000000060f000000, 0x000000060f400000|  0%| F|  |TAMS 0x000000060f000000| PB 0x000000060f000000| Untracked 
|  44|0x000000060f400000, 0x000000060f400000, 0x000000060f800000|  0%| F|  |TAMS 0x000000060f400000| PB 0x000000060f400000| Untracked 
|  45|0x000000060f800000, 0x000000060f800000, 0x000000060fc00000|  0%| F|  |TAMS 0x000000060f800000| PB 0x000000060f800000| Untracked 
|  46|0x000000060fc00000, 0x000000060fc00000, 0x0000000610000000|  0%| F|  |TAMS 0x000000060fc00000| PB 0x000000060fc00000| Untracked 
|  47|0x0000000610000000, 0x0000000610000000, 0x0000000610400000|  0%| F|  |TAMS 0x0000000610000000| PB 0x0000000610000000| Untracked 
|  48|0x0000000610400000, 0x0000000610400000, 0x0000000610800000|  0%| F|  |TAMS 0x0000000610400000| PB 0x0000000610400000| Untracked 
|  49|0x0000000610800000, 0x0000000610800000, 0x0000000610c00000|  0%| F|  |TAMS 0x0000000610800000| PB 0x0000000610800000| Untracked 
|  50|0x0000000610c00000, 0x0000000610c00000, 0x0000000611000000|  0%| F|  |TAMS 0x0000000610c00000| PB 0x0000000610c00000| Untracked 
|  51|0x0000000611000000, 0x0000000611000000, 0x0000000611400000|  0%| F|  |TAMS 0x0000000611000000| PB 0x0000000611000000| Untracked 
|  52|0x0000000611400000, 0x0000000611400000, 0x0000000611800000|  0%| F|  |TAMS 0x0000000611400000| PB 0x0000000611400000| Untracked 
|  53|0x0000000611800000, 0x0000000611800000, 0x0000000611c00000|  0%| F|  |TAMS 0x0000000611800000| PB 0x0000000611800000| Untracked 
|  54|0x0000000611c00000, 0x0000000611c00000, 0x0000000612000000|  0%| F|  |TAMS 0x0000000611c00000| PB 0x0000000611c00000| Untracked 
|  55|0x0000000612000000, 0x0000000612000000, 0x0000000612400000|  0%| F|  |TAMS 0x0000000612000000| PB 0x0000000612000000| Untracked 
|  56|0x0000000612400000, 0x0000000612400000, 0x0000000612800000|  0%| F|  |TAMS 0x0000000612400000| PB 0x0000000612400000| Untracked 
|  57|0x0000000612800000, 0x0000000612800000, 0x0000000612c00000|  0%| F|  |TAMS 0x0000000612800000| PB 0x0000000612800000| Untracked 
|  58|0x0000000612c00000, 0x0000000612c00000, 0x0000000613000000|  0%| F|  |TAMS 0x0000000612c00000| PB 0x0000000612c00000| Untracked 
|  59|0x0000000613000000, 0x0000000613000000, 0x0000000613400000|  0%| F|  |TAMS 0x0000000613000000| PB 0x0000000613000000| Untracked 
|  60|0x0000000613400000, 0x0000000613400000, 0x0000000613800000|  0%| F|  |TAMS 0x0000000613400000| PB 0x0000000613400000| Untracked 
|  61|0x0000000613800000, 0x0000000613800000, 0x0000000613c00000|  0%| F|  |TAMS 0x0000000613800000| PB 0x0000000613800000| Untracked 
|  62|0x0000000613c00000, 0x0000000613c00000, 0x0000000614000000|  0%| F|  |TAMS 0x0000000613c00000| PB 0x0000000613c00000| Untracked 
|  63|0x0000000614000000, 0x0000000614000000, 0x0000000614400000|  0%| F|  |TAMS 0x0000000614000000| PB 0x0000000614000000| Untracked 
|  64|0x0000000614400000, 0x0000000614400000, 0x0000000614800000|  0%| F|  |TAMS 0x0000000614400000| PB 0x0000000614400000| Untracked 
|  65|0x0000000614800000, 0x0000000614800000, 0x0000000614c00000|  0%| F|  |TAMS 0x0000000614800000| PB 0x0000000614800000| Untracked 
|  66|0x0000000614c00000, 0x0000000614c00000, 0x0000000615000000|  0%| F|  |TAMS 0x0000000614c00000| PB 0x0000000614c00000| Untracked 
|  67|0x0000000615000000, 0x0000000615000000, 0x0000000615400000|  0%| F|  |TAMS 0x0000000615000000| PB 0x0000000615000000| Untracked 
|  68|0x0000000615400000, 0x0000000615400000, 0x0000000615800000|  0%| F|  |TAMS 0x0000000615400000| PB 0x0000000615400000| Untracked 
|  69|0x0000000615800000, 0x0000000615800000, 0x0000000615c00000|  0%| F|  |TAMS 0x0000000615800000| PB 0x0000000615800000| Untracked 
|  70|0x0000000615c00000, 0x0000000615c00000, 0x0000000616000000|  0%| F|  |TAMS 0x0000000615c00000| PB 0x0000000615c00000| Untracked 
|  71|0x0000000616000000, 0x0000000616000000, 0x0000000616400000|  0%| F|  |TAMS 0x0000000616000000| PB 0x0000000616000000| Untracked 
|  72|0x0000000616400000, 0x0000000616400000, 0x0000000616800000|  0%| F|  |TAMS 0x0000000616400000| PB 0x0000000616400000| Untracked 
|  73|0x0000000616800000, 0x0000000616800000, 0x0000000616c00000|  0%| F|  |TAMS 0x0000000616800000| PB 0x0000000616800000| Untracked 
|  74|0x0000000616c00000, 0x0000000616c00000, 0x0000000617000000|  0%| F|  |TAMS 0x0000000616c00000| PB 0x0000000616c00000| Untracked 
|  75|0x0000000617000000, 0x0000000617000000, 0x0000000617400000|  0%| F|  |TAMS 0x0000000617000000| PB 0x0000000617000000| Untracked 
|  76|0x0000000617400000, 0x0000000617400000, 0x0000000617800000|  0%| F|  |TAMS 0x0000000617400000| PB 0x0000000617400000| Untracked 
|  77|0x0000000617800000, 0x0000000617800000, 0x0000000617c00000|  0%| F|  |TAMS 0x0000000617800000| PB 0x0000000617800000| Untracked 
|  78|0x0000000617c00000, 0x0000000617c00000, 0x0000000618000000|  0%| F|  |TAMS 0x0000000617c00000| PB 0x0000000617c00000| Untracked 
|  79|0x0000000618000000, 0x0000000618000000, 0x0000000618400000|  0%| F|  |TAMS 0x0000000618000000| PB 0x0000000618000000| Untracked 
|  80|0x0000000618400000, 0x0000000618400000, 0x0000000618800000|  0%| F|  |TAMS 0x0000000618400000| PB 0x0000000618400000| Untracked 
|  81|0x0000000618800000, 0x0000000618800000, 0x0000000618c00000|  0%| F|  |TAMS 0x0000000618800000| PB 0x0000000618800000| Untracked 
|  82|0x0000000618c00000, 0x0000000618c00000, 0x0000000619000000|  0%| F|  |TAMS 0x0000000618c00000| PB 0x0000000618c00000| Untracked 
|  83|0x0000000619000000, 0x0000000619000000, 0x0000000619400000|  0%| F|  |TAMS 0x0000000619000000| PB 0x0000000619000000| Untracked 
|  84|0x0000000619400000, 0x0000000619400000, 0x0000000619800000|  0%| F|  |TAMS 0x0000000619400000| PB 0x0000000619400000| Untracked 
|  85|0x0000000619800000, 0x0000000619800000, 0x0000000619c00000|  0%| F|  |TAMS 0x0000000619800000| PB 0x0000000619800000| Untracked 
|  86|0x0000000619c00000, 0x0000000619c00000, 0x000000061a000000|  0%| F|  |TAMS 0x0000000619c00000| PB 0x0000000619c00000| Untracked 
|  87|0x000000061a000000, 0x000000061a000000, 0x000000061a400000|  0%| F|  |TAMS 0x000000061a000000| PB 0x000000061a000000| Untracked 
|  88|0x000000061a400000, 0x000000061a400000, 0x000000061a800000|  0%| F|  |TAMS 0x000000061a400000| PB 0x000000061a400000| Untracked 
|  89|0x000000061a800000, 0x000000061a800000, 0x000000061ac00000|  0%| F|  |TAMS 0x000000061a800000| PB 0x000000061a800000| Untracked 
|  90|0x000000061ac00000, 0x000000061ac00000, 0x000000061b000000|  0%| F|  |TAMS 0x000000061ac00000| PB 0x000000061ac00000| Untracked 
|  91|0x000000061b000000, 0x000000061b000000, 0x000000061b400000|  0%| F|  |TAMS 0x000000061b000000| PB 0x000000061b000000| Untracked 
|  92|0x000000061b400000, 0x000000061b400000, 0x000000061b800000|  0%| F|  |TAMS 0x000000061b400000| PB 0x000000061b400000| Untracked 
|  93|0x000000061b800000, 0x000000061b800000, 0x000000061bc00000|  0%| F|  |TAMS 0x000000061b800000| PB 0x000000061b800000| Untracked 
|  94|0x000000061bc00000, 0x000000061bc00000, 0x000000061c000000|  0%| F|  |TAMS 0x000000061bc00000| PB 0x000000061bc00000| Untracked 
|  95|0x000000061c000000, 0x000000061c000000, 0x000000061c400000|  0%| F|  |TAMS 0x000000061c000000| PB 0x000000061c000000| Untracked 
|  96|0x000000061c400000, 0x000000061c400000, 0x000000061c800000|  0%| F|  |TAMS 0x000000061c400000| PB 0x000000061c400000| Untracked 
|  97|0x000000061c800000, 0x000000061c800000, 0x000000061cc00000|  0%| F|  |TAMS 0x000000061c800000| PB 0x000000061c800000| Untracked 
|  98|0x000000061cc00000, 0x000000061cc00000, 0x000000061d000000|  0%| F|  |TAMS 0x000000061cc00000| PB 0x000000061cc00000| Untracked 
|  99|0x000000061d000000, 0x000000061d000000, 0x000000061d400000|  0%| F|  |TAMS 0x000000061d000000| PB 0x000000061d000000| Untracked 
| 100|0x000000061d400000, 0x000000061d400000, 0x000000061d800000|  0%| F|  |TAMS 0x000000061d400000| PB 0x000000061d400000| Untracked 
| 101|0x000000061d800000, 0x000000061d800000, 0x000000061dc00000|  0%| F|  |TAMS 0x000000061d800000| PB 0x000000061d800000| Untracked 
| 102|0x000000061dc00000, 0x000000061dc00000, 0x000000061e000000|  0%| F|  |TAMS 0x000000061dc00000| PB 0x000000061dc00000| Untracked 
| 103|0x000000061e000000, 0x000000061e000000, 0x000000061e400000|  0%| F|  |TAMS 0x000000061e000000| PB 0x000000061e000000| Untracked 
| 104|0x000000061e400000, 0x000000061e400000, 0x000000061e800000|  0%| F|  |TAMS 0x000000061e400000| PB 0x000000061e400000| Untracked 
| 105|0x000000061e800000, 0x000000061e800000, 0x000000061ec00000|  0%| F|  |TAMS 0x000000061e800000| PB 0x000000061e800000| Untracked 
| 106|0x000000061ec00000, 0x000000061ec00000, 0x000000061f000000|  0%| F|  |TAMS 0x000000061ec00000| PB 0x000000061ec00000| Untracked 
| 107|0x000000061f000000, 0x000000061f000000, 0x000000061f400000|  0%| F|  |TAMS 0x000000061f000000| PB 0x000000061f000000| Untracked 
| 108|0x000000061f400000, 0x000000061f400000, 0x000000061f800000|  0%| F|  |TAMS 0x000000061f400000| PB 0x000000061f400000| Untracked 
| 109|0x000000061f800000, 0x000000061f800000, 0x000000061fc00000|  0%| F|  |TAMS 0x000000061f800000| PB 0x000000061f800000| Untracked 
| 110|0x000000061fc00000, 0x000000061fc00000, 0x0000000620000000|  0%| F|  |TAMS 0x000000061fc00000| PB 0x000000061fc00000| Untracked 
| 111|0x0000000620000000, 0x0000000620000000, 0x0000000620400000|  0%| F|  |TAMS 0x0000000620000000| PB 0x0000000620000000| Untracked 
| 112|0x0000000620400000, 0x0000000620400000, 0x0000000620800000|  0%| F|  |TAMS 0x0000000620400000| PB 0x0000000620400000| Untracked 
| 113|0x0000000620800000, 0x0000000620800000, 0x0000000620c00000|  0%| F|  |TAMS 0x0000000620800000| PB 0x0000000620800000| Untracked 
| 114|0x0000000620c00000, 0x0000000620c00000, 0x0000000621000000|  0%| F|  |TAMS 0x0000000620c00000| PB 0x0000000620c00000| Untracked 
| 115|0x0000000621000000, 0x0000000621000000, 0x0000000621400000|  0%| F|  |TAMS 0x0000000621000000| PB 0x0000000621000000| Untracked 
| 116|0x0000000621400000, 0x0000000621400000, 0x0000000621800000|  0%| F|  |TAMS 0x0000000621400000| PB 0x0000000621400000| Untracked 
| 117|0x0000000621800000, 0x0000000621800000, 0x0000000621c00000|  0%| F|  |TAMS 0x0000000621800000| PB 0x0000000621800000| Untracked 
| 118|0x0000000621c00000, 0x0000000621c00000, 0x0000000622000000|  0%| F|  |TAMS 0x0000000621c00000| PB 0x0000000621c00000| Untracked 
| 119|0x0000000622000000, 0x0000000622000000, 0x0000000622400000|  0%| F|  |TAMS 0x0000000622000000| PB 0x0000000622000000| Untracked 
| 120|0x0000000622400000, 0x000000062275dce8, 0x0000000622800000| 84%| S|CS|TAMS 0x0000000622400000| PB 0x0000000622400000| Complete 
| 121|0x0000000622800000, 0x0000000622800000, 0x0000000622c00000|  0%| F|  |TAMS 0x0000000622800000| PB 0x0000000622800000| Untracked 
| 122|0x0000000622c00000, 0x0000000622c00000, 0x0000000623000000|  0%| F|  |TAMS 0x0000000622c00000| PB 0x0000000622c00000| Untracked 
| 123|0x0000000623000000, 0x0000000623000000, 0x0000000623400000|  0%| F|  |TAMS 0x0000000623000000| PB 0x0000000623000000| Untracked 
| 124|0x0000000623400000, 0x0000000623400000, 0x0000000623800000|  0%| F|  |TAMS 0x0000000623400000| PB 0x0000000623400000| Untracked 
| 125|0x0000000623800000, 0x0000000623800000, 0x0000000623c00000|  0%| F|  |TAMS 0x0000000623800000| PB 0x0000000623800000| Untracked 
| 126|0x0000000623c00000, 0x0000000623e69b18, 0x0000000624000000| 60%| E|  |TAMS 0x0000000623c00000| PB 0x0000000623c00000| Complete 

Card table byte_map: [0x00000190634b0000,0x0000019064490000] _byte_map_base: 0x000001906048e000

Marking Bits: (CMBitMap*) 0x000001904f987f50
 Bits: [0x0000019064490000, 0x000001906c380000)

Polling page: 0x000001904d6b0000

Metaspace:

Usage:
  Non-class:      8.12 MB used.
      Class:    827.44 KB used.
       Both:      8.92 MB used.

Virtual space:
  Non-class space:       64.00 MB reserved,       8.19 MB ( 13%) committed,  1 nodes.
      Class space:        1.00 GB reserved,     896.00 KB ( <1%) committed,  1 nodes.
             Both:        1.06 GB reserved,       9.06 MB ( <1%) committed. 

Chunk freelists:
   Non-Class:  7.00 MB
       Class:  15.05 MB
        Both:  22.05 MB

MaxMetaspaceSize: unlimited
CompressedClassSpaceSize: 1.00 GB
Initial GC threshold: 21.00 MB
Current GC threshold: 21.00 MB
CDS: off
 - commit_granule_bytes: 65536.
 - commit_granule_words: 8192.
 - virtual_space_node_default_size: 8388608.
 - enlarge_chunks_in_place: 1.
 - use_allocation_guard: 0.


Internal statistics:

num_allocs_failed_limit: 0.
num_arena_births: 22.
num_arena_deaths: 0.
num_vsnodes_births: 2.
num_vsnodes_deaths: 0.
num_space_committed: 145.
num_space_uncommitted: 0.
num_chunks_returned_to_freelist: 0.
num_chunks_taken_from_freelist: 70.
num_chunk_merges: 0.
num_chunk_splits: 36.
num_chunks_enlarged: 26.
num_inconsistent_stats: 0.

CodeHeap 'non-profiled nmethods': size=119168Kb used=304Kb max_used=304Kb free=118863Kb
 bounds [0x000001905a5d0000, 0x000001905a840000, 0x0000019061a30000]
CodeHeap 'profiled nmethods': size=119104Kb used=1340Kb max_used=1340Kb free=117763Kb
 bounds [0x0000019052a30000, 0x0000019052ca0000, 0x0000019059e80000]
CodeHeap 'non-nmethods': size=7488Kb used=2427Kb max_used=2459Kb free=5060Kb
 bounds [0x0000019059e80000, 0x000001905a0f0000, 0x000001905a5d0000]
 total_blobs=1213 nmethods=779 adapters=337
 compilation: enabled
              stopped_count=0, restarted_count=0
 full_count=0

Compilation events (20 events):
Event: 0.390 Thread 0x000001906f981aa0  772       3       java.util.concurrent.locks.AbstractQueuedSynchronizer::release (19 bytes)
Event: 0.391 Thread 0x000001906f97eaf0 nmethod 770 0x0000019052b7ae90 code [0x0000019052b7b060, 0x0000019052b7b310]
Event: 0.391 Thread 0x000001906f97eaf0  773       3       java.util.concurrent.locks.ReentrantLock$Sync::tryRelease (51 bytes)
Event: 0.391 Thread 0x000001906f903ca0 nmethod 771 0x0000019052b7b410 code [0x0000019052b7b5c0, 0x0000019052b7b808]
Event: 0.391 Thread 0x000001906f903ca0  769       3       java.util.concurrent.locks.ReentrantLock$NonfairSync::initialTryLock (58 bytes)
Event: 0.391 Thread 0x000001906f981aa0 nmethod 772 0x0000019052b7b910 code [0x0000019052b7bb20, 0x0000019052b7c138]
Event: 0.391 Thread 0x000001906f97eaf0 nmethod 773 0x0000019052b7c310 code [0x0000019052b7c4e0, 0x0000019052b7c818]
Event: 0.391 Thread 0x000001906f981aa0  774       3       java.util.concurrent.locks.ReentrantLock::unlock (10 bytes)
Event: 0.391 Thread 0x000001906f97eaf0  775       3       java.util.concurrent.locks.AbstractQueuedSynchronizer::signalNext (34 bytes)
Event: 0.391 Thread 0x000001906f903ca0 nmethod 769 0x0000019052b7c910 code [0x0000019052b7cb00, 0x0000019052b7cf08]
Event: 0.391 Thread 0x000001906f981aa0 nmethod 774 0x0000019052b7d010 code [0x0000019052b7d1e0, 0x0000019052b7d4c0]
Event: 0.391 Thread 0x000001906f97eaf0 nmethod 775 0x0000019052b7d610 code [0x0000019052b7d800, 0x0000019052b7dc90]
Event: 0.396 Thread 0x000001906f981aa0  776       3       jdk.internal.misc.InternalLock::lock (8 bytes)
Event: 0.397 Thread 0x000001906f97eaf0  777       3       jdk.internal.misc.InternalLock::unlock (8 bytes)
Event: 0.397 Thread 0x000001906f903ca0  778       1       java.nio.Buffer::position (5 bytes)
Event: 0.397 Thread 0x000001906f981aa0 nmethod 776 0x0000019052b7de10 code [0x0000019052b7dfe0, 0x0000019052b7e380]
Event: 0.397 Thread 0x000001906f903ca0 nmethod 778 0x000001905a61be10 code [0x000001905a61bfa0, 0x000001905a61c068]
Event: 0.397 Thread 0x000001906f981aa0  779       3       java.lang.String::valueOf (15 bytes)
Event: 0.397 Thread 0x000001906f97eaf0 nmethod 777 0x0000019052b7e510 code [0x0000019052b7e6e0, 0x0000019052b7eab0]
Event: 0.397 Thread 0x000001906f981aa0 nmethod 779 0x0000019052b7ec10 code [0x0000019052b7edc0, 0x0000019052b7efc8]

GC Heap History (2 events):
Event: 0.366 GC heap before
{Heap before GC invocations=0 (full 0):
 garbage-first heap   total 520192K, used 20480K [0x0000000604400000, 0x0000000800000000)
  region size 4096K, 6 young (24576K), 0 survivors (0K)
 Metaspace       used 8719K, committed 8960K, reserved 1114112K
  class space    used 779K, committed 896K, reserved 1048576K
}
Event: 0.370 GC heap after
{Heap after GC invocations=1 (full 0):
 garbage-first heap   total 520192K, used 3447K [0x0000000604400000, 0x0000000800000000)
  region size 4096K, 1 young (4096K), 1 survivors (4096K)
 Metaspace       used 8719K, committed 8960K, reserved 1114112K
  class space    used 779K, committed 896K, reserved 1048576K
}

Dll operation events (3 events):
Event: 0.006 Loaded shared library C:\Program Files\Android\Android Studio\jbr\bin\java.dll
Event: 0.011 Loaded shared library C:\Program Files\Android\Android Studio\jbr\bin\zip.dll
Event: 0.093 Loaded shared library C:\Program Files\Android\Android Studio\jbr\bin\verify.dll

Deoptimization events (20 events):
Event: 0.284 Thread 0x000001904d307110 DEOPT PACKING pc=0x0000019052a6c286 sp=0x0000001a168fe990
Event: 0.284 Thread 0x000001904d307110 DEOPT UNPACKING pc=0x0000019059ed4e42 sp=0x0000001a168fdea0 mode 0
Event: 0.284 Thread 0x000001904d307110 DEOPT PACKING pc=0x0000019052ad1085 sp=0x0000001a168fe9a0
Event: 0.284 Thread 0x000001904d307110 DEOPT UNPACKING pc=0x0000019059ed4e42 sp=0x0000001a168fde98 mode 0
Event: 0.323 Thread 0x000001904d307110 Uncommon trap: trap_request=0xffffff45 fr.pc=0x000001905a6038ac relative=0x000000000000078c
Event: 0.323 Thread 0x000001904d307110 Uncommon trap: reason=unstable_if action=reinterpret pc=0x000001905a6038ac method=java.util.HashMap.putVal(ILjava/lang/Object;Ljava/lang/Object;ZZ)Ljava/lang/Object; @ 81 c2
Event: 0.323 Thread 0x000001904d307110 DEOPT PACKING pc=0x000001905a6038ac sp=0x0000001a168fee70
Event: 0.324 Thread 0x000001904d307110 DEOPT UNPACKING pc=0x0000019059ed46a2 sp=0x0000001a168fed80 mode 2
Event: 0.343 Thread 0x000001904d307110 Uncommon trap: trap_request=0xffffff45 fr.pc=0x000001905a601cf0 relative=0x0000000000000230
Event: 0.343 Thread 0x000001904d307110 Uncommon trap: reason=unstable_if action=reinterpret pc=0x000001905a601cf0 method=java.io.WinNTFileSystem.normalize(Ljava/lang/String;)Ljava/lang/String; @ 104 c2
Event: 0.343 Thread 0x000001904d307110 DEOPT PACKING pc=0x000001905a601cf0 sp=0x0000001a168fe4c0
Event: 0.343 Thread 0x000001904d307110 DEOPT UNPACKING pc=0x0000019059ed46a2 sp=0x0000001a168fe448 mode 2
Event: 0.343 Thread 0x000001904d307110 Uncommon trap: trap_request=0xffffff45 fr.pc=0x000001905a5f958c relative=0x000000000000086c
Event: 0.343 Thread 0x000001904d307110 Uncommon trap: reason=unstable_if action=reinterpret pc=0x000001905a5f958c method=java.util.zip.ZipFile$Source.checkAndAddEntry(II)I @ 50 c2
Event: 0.343 Thread 0x000001904d307110 DEOPT PACKING pc=0x000001905a5f958c sp=0x0000001a168fe160
Event: 0.343 Thread 0x000001904d307110 DEOPT UNPACKING pc=0x0000019059ed46a2 sp=0x0000001a168fe0d0 mode 2
Event: 0.352 Thread 0x000001904d307110 Uncommon trap: trap_request=0xffffff45 fr.pc=0x000001905a5f853c relative=0x000000000000017c
Event: 0.352 Thread 0x000001904d307110 Uncommon trap: reason=unstable_if action=reinterpret pc=0x000001905a5f853c method=java.util.zip.ZipFile$Source.isMetaName([BII)Z @ 43 c2
Event: 0.352 Thread 0x000001904d307110 DEOPT PACKING pc=0x000001905a5f853c sp=0x0000001a168fc890
Event: 0.352 Thread 0x000001904d307110 DEOPT UNPACKING pc=0x0000019059ed46a2 sp=0x0000001a168fc838 mode 2

Classes loaded (20 events):
Event: 0.402 Loading class java/util/stream/BaseStream
Event: 0.402 Loading class java/util/stream/BaseStream done
Event: 0.402 Loading class java/util/stream/Stream done
Event: 0.402 Loading class java/util/stream/AbstractPipeline
Event: 0.403 Loading class java/util/stream/PipelineHelper
Event: 0.403 Loading class java/util/stream/PipelineHelper done
Event: 0.403 Loading class java/util/stream/AbstractPipeline done
Event: 0.403 Loading class java/util/stream/ReferencePipeline done
Event: 0.403 Loading class java/util/stream/ReferencePipeline$Head done
Event: 0.403 Loading class java/util/stream/StreamOpFlag
Event: 0.403 Loading class java/util/stream/StreamOpFlag done
Event: 0.403 Loading class java/util/stream/StreamOpFlag$Type
Event: 0.403 Loading class java/util/stream/StreamOpFlag$Type done
Event: 0.403 Loading class java/util/stream/StreamOpFlag$MaskBuilder
Event: 0.403 Loading class java/util/stream/StreamOpFlag$MaskBuilder done
Event: 0.403 Loading class java/util/EnumMap
Event: 0.403 Loading class java/util/EnumMap done
Event: 0.403 Loading class java/util/EnumMap$1
Event: 0.403 Loading class java/util/EnumMap$1 done
Event: 0.403 Loading class java/lang/Class$3

Classes unloaded (0 events):
No events

Classes redefined (0 events):
No events

Internal exceptions (3 events):
Event: 0.179 Thread 0x000001904d307110 Exception <a 'java/lang/NoSuchMethodError'{0x00000006238d8b40}: 'void java.lang.invoke.DirectMethodHandle$Holder.invokeSpecial(java.lang.Object, java.lang.Object, java.lang.Object)'> (0x00000006238d8b40) 
thrown [s\src\hotspot\share\interpreter\linkResolver.cpp, line 784]
Event: 0.214 Thread 0x000001904d307110 Exception <a 'java/lang/NoSuchMethodError'{0x0000000623a0d618}: 'int java.lang.invoke.DirectMethodHandle$Holder.invokeSpecial(java.lang.Object, java.lang.Object, java.lang.Object, java.lang.Object)'> (0x0000000623a0d618) 
thrown [s\src\hotspot\share\interpreter\linkResolver.cpp, line 784]
Event: 0.382 Thread 0x000001904d307110 Exception <a 'java/lang/OutOfMemoryError'{0x0000000623dc8ca0}> (0x0000000623dc8ca0) 
thrown [s\src\hotspot\share\prims\jni.cpp, line 572]

ZGC Phase Switch (0 events):
No events

VM Operations (4 events):
Event: 0.089 Executing VM operation: HandshakeAllThreads (Deoptimize)
Event: 0.089 Executing VM operation: HandshakeAllThreads (Deoptimize) done
Event: 0.366 Executing VM operation: G1CollectForAllocation (G1 Evacuation Pause)
Event: 0.370 Executing VM operation: G1CollectForAllocation (G1 Evacuation Pause) done

Memory protections (0 events):
No events

Nmethod flushes (0 events):
No events

Events (20 events):
Event: 0.010 Thread 0x000001904d307110 Thread added: 0x000001904d307110
Event: 0.044 Thread 0x000001904d307110 Thread added: 0x000001906f8d5e40
Event: 0.047 Thread 0x000001904d307110 Thread added: 0x000001906f916af0
Event: 0.047 Thread 0x000001904d307110 Thread added: 0x000001906f917550
Event: 0.048 Thread 0x000001904d307110 Thread added: 0x000001906f8d8d80
Event: 0.048 Thread 0x000001904d307110 Thread added: 0x000001906f8d97e0
Event: 0.048 Thread 0x000001904d307110 Thread added: 0x000001906f8fe9f0
Event: 0.048 Thread 0x000001904d307110 Thread added: 0x000001906f8ff450
Event: 0.048 Thread 0x000001904d307110 Thread added: 0x000001906f9011f0
Event: 0.048 Thread 0x000001904d307110 Thread added: 0x000001906f903ca0
Event: 0.066 Thread 0x000001906f903ca0 Thread added: 0x000001906f97eaf0
Event: 0.067 Thread 0x000001906f903ca0 Thread added: 0x000001906f981aa0
Event: 0.069 Thread 0x000001904d307110 Thread added: 0x000001906fae6210
Event: 0.078 Loaded shared library C:\Program Files\Android\Android Studio\jbr\bin\net.dll
Event: 0.080 Loaded shared library C:\Program Files\Android\Android Studio\jbr\bin\nio.dll
Event: 0.087 Loaded shared library C:\Program Files\Android\Android Studio\jbr\bin\zip.dll
Event: 0.132 Loaded shared library C:\Program Files\Android\Android Studio\jbr\bin\jimage.dll
Event: 0.262 Thread 0x000001906f903ca0 Thread added: 0x000001906f9813d0
Event: 0.264 Thread 0x000001906f903ca0 Thread added: 0x000001906f97e420
Event: 0.328 Thread 0x000001906f97eaf0 Thread added: 0x000001906f980630


Dynamic libraries:
0x00007ff6c1db0000 - 0x00007ff6c1dba000 	C:\Program Files\Android\Android Studio\jbr\bin\java.exe
0x00007ffd78f40000 - 0x00007ffd791a9000 	C:\WINDOWS\SYSTEM32\ntdll.dll
0x00007ffd77950000 - 0x00007ffd77a19000 	C:\WINDOWS\System32\KERNEL32.DLL
0x00007ffd760d0000 - 0x00007ffd764c3000 	C:\WINDOWS\System32\KERNELBASE.dll
0x00007ffd766c0000 - 0x00007ffd7680b000 	C:\WINDOWS\System32\ucrtbase.dll
0x00007ffd6c600000 - 0x00007ffd6c618000 	C:\Program Files\Android\Android Studio\jbr\bin\jli.dll
0x00007ffd6c5e0000 - 0x00007ffd6c5fb000 	C:\Program Files\Android\Android Studio\jbr\bin\VCRUNTIME140.dll
0x00007ffd77640000 - 0x00007ffd77804000 	C:\WINDOWS\System32\USER32.dll
0x00007ffd764d0000 - 0x00007ffd764f7000 	C:\WINDOWS\System32\win32u.dll
0x00007ffd780b0000 - 0x00007ffd780db000 	C:\WINDOWS\System32\GDI32.dll
0x00007ffd5b220000 - 0x00007ffd5b4b3000 	C:\WINDOWS\WinSxS\amd64_microsoft.windows.common-controls_6595b64144ccf1df_6.0.26100.5074_none_3e0d6f78e32fd63f\COMCTL32.dll
0x00007ffd76590000 - 0x00007ffd766bd000 	C:\WINDOWS\System32\gdi32full.dll
0x00007ffd78df0000 - 0x00007ffd78e99000 	C:\WINDOWS\System32\msvcrt.dll
0x00007ffd76af0000 - 0x00007ffd76b93000 	C:\WINDOWS\System32\msvcp_win.dll
0x00007ffd78eb0000 - 0x00007ffd78edf000 	C:\WINDOWS\System32\IMM32.DLL
0x00007ffd6ee30000 - 0x00007ffd6ee3c000 	C:\Program Files\Android\Android Studio\jbr\bin\vcruntime140_1.dll
0x00007ffd4de00000 - 0x00007ffd4de8d000 	C:\Program Files\Android\Android Studio\jbr\bin\msvcp140.dll
0x00007ffd0e9b0000 - 0x00007ffd0f63e000 	C:\Program Files\Android\Android Studio\jbr\bin\server\jvm.dll
0x00007ffd78830000 - 0x00007ffd788e4000 	C:\WINDOWS\System32\ADVAPI32.dll
0x00007ffd77f00000 - 0x00007ffd77fa6000 	C:\WINDOWS\System32\sechost.dll
0x00007ffd77810000 - 0x00007ffd77928000 	C:\WINDOWS\System32\RPCRT4.dll
0x00007ffd77fb0000 - 0x00007ffd78024000 	C:\WINDOWS\System32\WS2_32.dll
0x00007ffd75f30000 - 0x00007ffd75f8e000 	C:\WINDOWS\SYSTEM32\POWRPROF.dll
0x00007ffd6f870000 - 0x00007ffd6f8a5000 	C:\WINDOWS\SYSTEM32\WINMM.dll
0x00007ffd6aa40000 - 0x00007ffd6aa4b000 	C:\WINDOWS\SYSTEM32\VERSION.dll
0x00007ffd75f10000 - 0x00007ffd75f24000 	C:\WINDOWS\SYSTEM32\UMPDC.dll
0x00007ffd74e80000 - 0x00007ffd74e9b000 	C:\WINDOWS\SYSTEM32\kernel.appcore.dll
0x00007ffd6ee10000 - 0x00007ffd6ee1a000 	C:\Program Files\Android\Android Studio\jbr\bin\jimage.dll
0x00007ffd73740000 - 0x00007ffd73982000 	C:\WINDOWS\SYSTEM32\DBGHELP.DLL
0x00007ffd78920000 - 0x00007ffd78c9b000 	C:\WINDOWS\System32\combase.dll
0x00007ffd771f0000 - 0x00007ffd772c7000 	C:\WINDOWS\System32\OLEAUT32.dll
0x00007ffd4b960000 - 0x00007ffd4b99d000 	C:\WINDOWS\SYSTEM32\dbgcore.DLL
0x00007ffd76810000 - 0x00007ffd768a9000 	C:\WINDOWS\System32\bcryptPrimitives.dll
0x00007ffd6c5c0000 - 0x00007ffd6c5e0000 	C:\Program Files\Android\Android Studio\jbr\bin\java.dll
0x00007ffd6c5a0000 - 0x00007ffd6c5b8000 	C:\Program Files\Android\Android Studio\jbr\bin\zip.dll
0x00007ffd780e0000 - 0x00007ffd7882d000 	C:\WINDOWS\System32\SHELL32.dll
0x00007ffd76ba0000 - 0x00007ffd76d0c000 	C:\WINDOWS\System32\wintypes.dll
0x00007ffd73d10000 - 0x00007ffd74569000 	C:\WINDOWS\SYSTEM32\windows.storage.dll
0x00007ffd76ef0000 - 0x00007ffd76fe0000 	C:\WINDOWS\System32\SHCORE.dll
0x00007ffd772d0000 - 0x00007ffd77332000 	C:\WINDOWS\System32\shlwapi.dll
0x00007ffd75ff0000 - 0x00007ffd76019000 	C:\WINDOWS\SYSTEM32\profapi.dll
0x00007ffd6e9d0000 - 0x00007ffd6e9e0000 	C:\Program Files\Android\Android Studio\jbr\bin\net.dll
0x00007ffd6e590000 - 0x00007ffd6e6af000 	C:\WINDOWS\SYSTEM32\WINHTTP.dll
0x00007ffd75430000 - 0x00007ffd7549b000 	C:\WINDOWS\system32\mswsock.dll
0x00007ffd6c570000 - 0x00007ffd6c586000 	C:\Program Files\Android\Android Studio\jbr\bin\nio.dll
0x00007ffd6ee70000 - 0x00007ffd6ee80000 	C:\Program Files\Android\Android Studio\jbr\bin\verify.dll

dbghelp: loaded successfully - version: 4.0.5 - missing functions: none
symbol engine: initialized successfully - sym options: 0x614 - pdb path: .;C:\Program Files\Android\Android Studio\jbr\bin;C:\WINDOWS\SYSTEM32;C:\WINDOWS\WinSxS\amd64_microsoft.windows.common-controls_6595b64144ccf1df_6.0.26100.5074_none_3e0d6f78e32fd63f;C:\Program Files\Android\Android Studio\jbr\bin\server

VM Arguments:
jvm_args: -Dorg.gradle.appname=gradlew 
java_command: org.gradle.wrapper.GradleWrapperMain -q -Ptarget-platform=android-arm64 -Ptarget=C:\Projects\HydraCoach\lib\main.dart -Pbase-application-name=android.app.Application -Pdart-defines=RkxVVFRFUl9WRVJTSU9OPTMuMzUuMw==,RkxVVFRFUl9DSEFOTkVMPXN0YWJsZQ==,RkxVVFRFUl9HSVRfVVJMPWh0dHBzOi8vZ2l0aHViLmNvbS9mbHV0dGVyL2ZsdXR0ZXIuZ2l0,RkxVVFRFUl9GUkFNRVdPUktfUkVWSVNJT049YTQwMmQ5YTQzNw==,RkxVVFRFUl9FTkdJTkVfUkVWSVNJT049ZGRmNDdkZDNmZg==,RkxVVFRFUl9EQVJUX1ZFUlNJT049My45LjI= -Pdart-obfuscation=false -Ptrack-widget-creation=true -Ptree-shake-icons=false -Pfilesystem-scheme=org-dartlang-root assembleDebug
java_class_path (initial): C:\Projects\HydraCoach\android\\gradle\wrapper\gradle-wrapper.jar
Launcher Type: SUN_STANDARD

[Global flags]
     intx CICompilerCount                          = 12                                        {product} {ergonomic}
     uint ConcGCThreads                            = 4                                         {product} {ergonomic}
     uint G1ConcRefinementThreads                  = 15                                        {product} {ergonomic}
   size_t G1HeapRegionSize                         = 4194304                                   {product} {ergonomic}
    uintx GCDrainStackTargetSize                   = 64                                        {product} {ergonomic}
   size_t InitialHeapSize                          = 532676608                                 {product} {ergonomic}
   size_t MarkStackSize                            = 4194304                                   {product} {ergonomic}
   size_t MaxHeapSize                              = 8518631424                                {product} {ergonomic}
   size_t MaxNewSize                               = 5108662272                                {product} {ergonomic}
   size_t MinHeapDeltaBytes                        = 4194304                                   {product} {ergonomic}
   size_t MinHeapSize                              = 8388608                                   {product} {ergonomic}
    uintx NonNMethodCodeHeapSize                   = 7602480                                {pd product} {ergonomic}
    uintx NonProfiledCodeHeapSize                  = 122027880                              {pd product} {ergonomic}
    uintx ProfiledCodeHeapSize                     = 122027880                              {pd product} {ergonomic}
    uintx ReservedCodeCacheSize                    = 251658240                              {pd product} {ergonomic}
     bool SegmentedCodeCache                       = true                                      {product} {ergonomic}
   size_t SoftMaxHeapSize                          = 8518631424                             {manageable} {ergonomic}
     bool UseCompressedOops                        = true                           {product lp64_product} {ergonomic}
     bool UseG1GC                                  = true                                      {product} {ergonomic}
     bool UseLargePagesIndividualAllocation        = false                                  {pd product} {ergonomic}

Logging:
Log output configuration:
 #0: stdout all=warning uptime,level,tags foldmultilines=false
 #1: stderr all=off uptime,level,tags foldmultilines=false

Environment Variables:
JAVA_HOME=C:\Program Files\Android\Android Studio\jbr
CLASSPATH=C:\Projects\HydraCoach\android\\gradle\wrapper\gradle-wrapper.jar
PATH=C:\Program Files\Android\Android Studio\jbr\bin;C:\Users\\bin;C:\Program Files\Git\mingw64\bin;C:\Program Files\Git\usr\local\bin;C:\Program Files\Git\usr\bin;C:\Program Files\Git\usr\bin;C:\Program Files\Git\mingw64\bin;C:\Program Files\Git\usr\bin;C:\Users\\bin;C:\flutter\flutter\bin;C:\WINDOWS\system32;C:\WINDOWS;C:\WINDOWS\System32\Wbem;C:\WINDOWS\System32\WindowsPowerShell\v1.0;C:\WINDOWS\System32\OpenSSH;C:\Program Files\Git\cmd;C:\flutter\flutter\bin;C:\Program Files\nodejs;C:\Users\\AppData\Local\Pub\Cache\bin;C:\adb\platform-tools;C:\Program Files\Android\Android Studio\jbr\bin;C:\Program Files\Android\Android Studio\jbr\bin;C:\Program Files\GitHub CLI;C:\Users\\AppData\Local\Microsoft\WindowsApps;C:\Users\\AppData\Local\Programs\Microsoft VS Code\bin;C:\Users\\AppData\Roaming\npm;C:\Program Files\Git\usr\bin\vendor_perl;C:\Program Files\Git\usr\bin\core_perl
USERNAME=
SHELL=C:\Program Files\Git\usr\bin\bash.exe
DISPLAY=needs-to-be-defined
LANG=en_US.UTF-8
TERM=xterm-256color
TMPDIR=C:\Users\51FB~1\AppData\Local\Temp
OS=MINGW64_NT-10.0-26100
PROCESSOR_IDENTIFIER=Intel64 Family 6 Model 183 Stepping 1, GenuineIntel
TMP=C:\Users\51FB~1\AppData\Local\Temp
TEMP=C:\Users\51FB~1\AppData\Local\Temp




Periodic native trim disabled

JNI global refs:
JNI global refs: 17, weak refs: 0

JNI global refs memory usage: 835, weak refs: 833

Process memory usage:
Resident Set Size: 78056K (0% of 33271672K total physical memory with 4651324K free physical memory)

OOME stack traces (most recent first):
Classloader memory used:
Loader bootstrap                                                                       : 8698K
Loader java.net.URLClassLoader                                                         : 289K
Loader jdk.internal.loader.ClassLoaders$AppClassLoader                                 : 149K
Loader org.gradle.internal.classloader.VisitableURLClassLoader                         : 1552B

---------------  S Y S T E M  ---------------

OS:
 Windows 11 , 64 bit Build 26100 (10.0.26100.5074)
OS uptime: 6 days 22:49 hours
Hyper-V role detected

CPU: total 20 (initial active 20) (10 cores per cpu, 2 threads per core) family 6 model 183 stepping 1 microcode 0x123, cx8, cmov, fxsr, ht, mmx, 3dnowpref, sse, sse2, sse3, ssse3, sse4.1, sse4.2, popcnt, lzcnt, tsc, tscinvbit, avx, avx2, aes, erms, clmul, bmi1, bmi2, adx, sha, fma, vzeroupper, clflush, clflushopt, clwb, hv, serialize, rdtscp, rdpid, fsrm, f16c, cet_ibt, cet_ss
Processor Information for the first 20 processors :
  Max Mhz: 2600, Current Mhz: 2600, Mhz Limit: 2600

Memory: 4k page, system-wide physical 32491M (4542M free)
TotalPageFile size 38706M (AvailPageFile size 125M)
current process WorkingSet (physical memory assigned to process): 76M, peak: 77M
current process commit charge ("private bytes"): 617M, peak: 621M

vm_info: OpenJDK 64-Bit Server VM (21.0.7+-13880790-b1038.58) for windows-amd64 JRE (21.0.7+-13880790-b1038.58), built on 2025-08-04T20:56:21Z by "builder" with MS VC++ 16.10 / 16.11 (VS2019)

END.
